app/build/outputs/logs/manifest-merger-debug-report.txt
-- Merging decision tree log ---
manifest
ADDED from src\main\AndroidManifest.xml:2:1-126:16
INJECTED from src\main\AndroidManifest.xml:2:1-126:16
INJECTED from src\main\AndroidManifest.xml:2:1-126:16
INJECTED from src\main\AndroidManifest.xml:2:1-126:16
MERGED from [com.android.support:design:27.1.1] AndroidManifest.xml:17:1-22:12
MERGED from [com.android.support:appcompat-v7:27.1.1] AndroidManifest.xml:17:1-22:12
MERGED from [com.android.support.constraint:constraint-layout:1.1.2] AndroidManifest.xml:2:1-11:12
MERGED from [com.google.android.gms:play-services-ads:11.6.2] AndroidManifest.xml:16:1-18:12
MERGED from [com.google.android.gms:play-services-maps:11.6.2] AndroidManifest.xml:16:1-25:12
MERGED from [com.android.support:recyclerview-v7:27.1.1] AndroidManifest.xml:17:1-22:12
MERGED from [com.android.support:cardview-v7:27.1.1] AndroidManifest.xml:17:1-22:12
MERGED from [com.google.android.gms:play-services-ads-lite:11.6.2] AndroidManifest.xml:16:1-27:12
MERGED from [com.google.android.gms:play-services-gass:11.6.2] AndroidManifest.xml:2:1-5:12
MERGED from [com.google.android.gms:play-services-base:11.6.2] AndroidManifest.xml:16:1-21:12
MERGED from [com.google.android.gms:play-services-tasks:11.6.2] AndroidManifest.xml:2:1-5:12
MERGED from [com.google.android.gms:play-services-basement:11.6.2] AndroidManifest.xml:16:1-23:12
MERGED from [com.android.support:support-v4:27.1.1] AndroidManifest.xml:17:1-22:12
MERGED from [com.android.support:support-fragment:27.1.1] AndroidManifest.xml:17:1-22:12
MERGED from [com.android.support:animated-vector-drawable:27.1.1] AndroidManifest.xml:17:1-22:12
MERGED from [com.android.support:support-core-ui:27.1.1] AndroidManifest.xml:17:1-22:12
MERGED from [com.android.support:support-core-utils:27.1.1] AndroidManifest.xml:17:1-22:12
MERGED from [com.android.support:support-vector-drawable:27.1.1] AndroidManifest.xml:17:1-22:12
MERGED from [com.android.support:transition:27.1.1] AndroidManifest.xml:17:1-22:12
MERGED from [com.android.support:support-media-compat:27.1.1] AndroidManifest.xml:17:1-22:12
MERGED from [com.android.support:support-compat:27.1.1] AndroidManifest.xml:17:1-22:12
MERGED from [com.google.android.gms:play-services-ads-license:11.6.2] AndroidManifest.xml:2:1-6:12
MERGED from [com.google.android.gms:play-services-maps-license:11.6.2] AndroidManifest.xml:2:1-6:12
MERGED from [android.arch.lifecycle:livedata-core:1.1.0] AndroidManifest.xml:17:1-22:12
MERGED from [android.arch.lifecycle:viewmodel:1.1.0] AndroidManifest.xml:17:1-22:12
MERGED from [com.google.android.gms:play-services-ads-lite-license:11.6.2] AndroidManifest.xml:2:1-6:12
MERGED from [com.google.android.gms:play-services-basement-license:11.6.2] AndroidManifest.xml:2:1-6:12
MERGED from [com.google.android.gms:play-services-gass-license:11.6.2] AndroidManifest.xml:2:1-6:12
MERGED from [com.google.android.gms:play-services-base-license:11.6.2] AndroidManifest.xml:2:1-6:12
MERGED from [android.arch.lifecycle:runtime:1.1.0] AndroidManifest.xml:17:1-22:12
MERGED from [android.arch.core:runtime:1.1.0] AndroidManifest.xml:17:1-22:12
MERGED from [com.google.android.gms:play-services-tasks-license:11.6.2] AndroidManifest.xml:2:1-6:12
INJECTED from src\main\AndroidManifest.xml:2:1-126:16
INJECTED from src\main\AndroidManifest.xml:2:1-126:16
INJECTED from src\main\AndroidManifest.xml:2:1-126:16
	package
		ADDED from src\main\AndroidManifest.xml:3:5-53
		INJECTED from src\main\AndroidManifest.xml
		INJECTED from src\main\AndroidManifest.xml
	android:versionName
		INJECTED from src\main\AndroidManifest.xml
		ADDED from src\main\AndroidManifest.xml:2:1-126:16
		INJECTED from src\main\AndroidManifest.xml
	android:versionCode
		INJECTED from src\main\AndroidManifest.xml
		ADDED from src\main\AndroidManifest.xml:2:1-126:16
		INJECTED from src\main\AndroidManifest.xml
	xmlns:android
		ADDED from src\main\AndroidManifest.xml:2:11-69
uses-permission#android.permission.INTERNET
ADDED from src\main\AndroidManifest.xml:6:5-67
MERGED from [com.google.android.gms:play-services-maps:11.6.2] AndroidManifest.xml:20:5-66
MERGED from [com.google.android.gms:play-services-maps:11.6.2] AndroidManifest.xml:20:5-66
MERGED from [com.google.android.gms:play-services-ads-lite:11.6.2] AndroidManifest.xml:19:5-66
MERGED from [com.google.android.gms:play-services-ads-lite:11.6.2] AndroidManifest.xml:19:5-66
	android:name
		ADDED from src\main\AndroidManifest.xml:6:22-64
application
ADDED from src\main\AndroidManifest.xml:8:5-124:19
MERGED from [com.android.support.constraint:constraint-layout:1.1.2] AndroidManifest.xml:9:5-20
MERGED from [com.android.support.constraint:constraint-layout:1.1.2] AndroidManifest.xml:9:5-20
MERGED from [com.google.android.gms:play-services-maps:11.6.2] AndroidManifest.xml:24:5-19
MERGED from [com.google.android.gms:play-services-maps:11.6.2] AndroidManifest.xml:24:5-19
MERGED from [com.google.android.gms:play-services-ads-lite:11.6.2] AndroidManifest.xml:23:5-26:19
MERGED from [com.google.android.gms:play-services-ads-lite:11.6.2] AndroidManifest.xml:23:5-26:19
MERGED from [com.google.android.gms:play-services-gass:11.6.2] AndroidManifest.xml:4:5-19
MERGED from [com.google.android.gms:play-services-gass:11.6.2] AndroidManifest.xml:4:5-19
MERGED from [com.google.android.gms:play-services-base:11.6.2] AndroidManifest.xml:18:5-20:19
MERGED from [com.google.android.gms:play-services-base:11.6.2] AndroidManifest.xml:18:5-20:19
MERGED from [com.google.android.gms:play-services-tasks:11.6.2] AndroidManifest.xml:4:5-19
MERGED from [com.google.android.gms:play-services-tasks:11.6.2] AndroidManifest.xml:4:5-19
MERGED from [com.google.android.gms:play-services-basement:11.6.2] AndroidManifest.xml:19:5-21:19
MERGED from [com.google.android.gms:play-services-basement:11.6.2] AndroidManifest.xml:19:5-21:19
MERGED from [com.google.android.gms:play-services-ads-license:11.6.2] AndroidManifest.xml:5:5-20
MERGED from [com.google.android.gms:play-services-ads-license:11.6.2] AndroidManifest.xml:5:5-20
MERGED from [com.google.android.gms:play-services-maps-license:11.6.2] AndroidManifest.xml:5:5-20
MERGED from [com.google.android.gms:play-services-maps-license:11.6.2] AndroidManifest.xml:5:5-20
MERGED from [com.google.android.gms:play-services-ads-lite-license:11.6.2] AndroidManifest.xml:5:5-20
MERGED from [com.google.android.gms:play-services-ads-lite-license:11.6.2] AndroidManifest.xml:5:5-20
MERGED from [com.google.android.gms:play-services-basement-license:11.6.2] AndroidManifest.xml:5:5-20
MERGED from [com.google.android.gms:play-services-basement-license:11.6.2] AndroidManifest.xml:5:5-20
MERGED from [com.google.android.gms:play-services-gass-license:11.6.2] AndroidManifest.xml:5:5-20
MERGED from [com.google.android.gms:play-services-gass-license:11.6.2] AndroidManifest.xml:5:5-20
MERGED from [com.google.android.gms:play-services-base-license:11.6.2] AndroidManifest.xml:5:5-20
MERGED from [com.google.android.gms:play-services-base-license:11.6.2] AndroidManifest.xml:5:5-20
MERGED from [com.google.android.gms:play-services-tasks-license:11.6.2] AndroidManifest.xml:5:5-20
MERGED from [com.google.android.gms:play-services-tasks-license:11.6.2] AndroidManifest.xml:5:5-20
	android:supportsRtl
		ADDED from src\main\AndroidManifest.xml:13:9-35
	android:label
		ADDED from src\main\AndroidManifest.xml:11:9-41
	android:roundIcon
		ADDED from src\main\AndroidManifest.xml:12:9-42
	android:icon
		ADDED from src\main\AndroidManifest.xml:10:9-37
	android:allowBackup
		ADDED from src\main\AndroidManifest.xml:9:9-35
	android:theme
		ADDED from src\main\AndroidManifest.xml:14:9-40
activity#com.example.siddharthadmin.jsonproject.SplashScreen
ADDED from src\main\AndroidManifest.xml:15:9-21:16
	android:name
		ADDED from src\main\AndroidManifest.xml:15:19-47
intent-filter#action:name:android.intent.action.MAIN+category:name:android.intent.category.LAUNCHER
ADDED from src\main\AndroidManifest.xml:16:9-20:25
action#android.intent.action.MAIN
ADDED from src\main\AndroidManifest.xml:17:13-65
	android:name
		ADDED from src\main\AndroidManifest.xml:17:21-62
category#android.intent.category.LAUNCHER
ADDED from src\main\AndroidManifest.xml:19:13-73
	android:name
		ADDED from src\main\AndroidManifest.xml:19:23-70
activity#com.example.siddharthadmin.jsonproject.FirstInterface
ADDED from src\main\AndroidManifest.xml:23:9-28:20
	android:theme
		ADDED from src\main\AndroidManifest.xml:25:13-56
	android:name
		ADDED from src\main\AndroidManifest.xml:24:13-43
activity#com.example.siddharthadmin.jsonproject.MainActivity
ADDED from src\main\AndroidManifest.xml:31:9-35:20
	android:label
		ADDED from src\main\AndroidManifest.xml:33:13-42
	android:name
		ADDED from src\main\AndroidManifest.xml:32:9-37
activity#com.example.siddharthadmin.jsonproject.RouteMiddle
ADDED from src\main\AndroidManifest.xml:37:9-41:20
	android:label
		ADDED from src\main\AndroidManifest.xml:39:13-42
	android:name
		ADDED from src\main\AndroidManifest.xml:38:13-40
activity#com.example.siddharthadmin.jsonproject.Main2Activity
ADDED from src\main\AndroidManifest.xml:43:9-47:20
	android:label
		ADDED from src\main\AndroidManifest.xml:45:13-40
	android:name
		ADDED from src\main\AndroidManifest.xml:44:13-42
activity#com.example.siddharthadmin.jsonproject.Main3Activity
ADDED from src\main\AndroidManifest.xml:50:9-54:20
	android:label
		ADDED from src\main\AndroidManifest.xml:52:13-52
	android:name
		ADDED from src\main\AndroidManifest.xml:51:13-42
activity#com.example.siddharthadmin.jsonproject.PNRMiddle
ADDED from src\main\AndroidManifest.xml:58:9-62:20
	android:label
		ADDED from src\main\AndroidManifest.xml:60:13-40
	android:name
		ADDED from src\main\AndroidManifest.xml:59:13-38
activity#com.example.siddharthadmin.jsonproject.TBSMiddle
ADDED from src\main\AndroidManifest.xml:65:9-69:20
	android:label
		ADDED from src\main\AndroidManifest.xml:67:13-52
	android:name
		ADDED from src\main\AndroidManifest.xml:66:13-38
activity#com.example.siddharthadmin.jsonproject.StatusMiddle
ADDED from src\main\AndroidManifest.xml:73:9-77:20
	android:label
		ADDED from src\main\AndroidManifest.xml:75:13-41
	android:name
		ADDED from src\main\AndroidManifest.xml:74:13-41
activity#com.example.siddharthadmin.jsonproject.Main4Activity
ADDED from src\main\AndroidManifest.xml:79:9-83:20
	android:label
		ADDED from src\main\AndroidManifest.xml:81:13-41
	android:name
		ADDED from src\main\AndroidManifest.xml:80:13-42
activity#com.example.siddharthadmin.jsonproject.FareMiddle
ADDED from src\main\AndroidManifest.xml:86:9-90:20
	android:label
		ADDED from src\main\AndroidManifest.xml:88:13-41
	android:name
		ADDED from src\main\AndroidManifest.xml:87:13-39
activity#com.example.siddharthadmin.jsonproject.Main5Activity
ADDED from src\main\AndroidManifest.xml:92:9-96:20
	android:label
		ADDED from src\main\AndroidManifest.xml:94:13-41
	android:name
		ADDED from src\main\AndroidManifest.xml:93:13-42
activity#com.example.siddharthadmin.jsonproject.SeatMiddle
ADDED from src\main\AndroidManifest.xml:98:9-102:20
	android:label
		ADDED from src\main\AndroidManifest.xml:100:13-46
	android:name
		ADDED from src\main\AndroidManifest.xml:99:13-39
activity#com.example.siddharthadmin.jsonproject.Main6Activity
ADDED from src\main\AndroidManifest.xml:104:9-108:20
	android:label
		ADDED from src\main\AndroidManifest.xml:106:13-46
	android:name
		ADDED from src\main\AndroidManifest.xml:105:13-42
activity#com.example.siddharthadmin.jsonproject.Secondact
ADDED from src\main\AndroidManifest.xml:110:9-114:20
	android:label
		ADDED from src\main\AndroidManifest.xml:112:13-37
	android:name
		ADDED from src\main\AndroidManifest.xml:111:13-38
activity#com.example.siddharthadmin.jsonproject.FirstFragment
ADDED from src\main\AndroidManifest.xml:116:9-120:20
	android:label
		ADDED from src\main\AndroidManifest.xml:118:13-37
	android:name
		ADDED from src\main\AndroidManifest.xml:117:13-42
uses-sdk
INJECTED from src\main\AndroidManifest.xml reason: use-sdk injection requested
INJECTED from src\main\AndroidManifest.xml
INJECTED from src\main\AndroidManifest.xml
MERGED from [com.android.support:design:27.1.1] AndroidManifest.xml:20:5-44
MERGED from [com.android.support:design:27.1.1] AndroidManifest.xml:20:5-44
MERGED from [com.android.support:appcompat-v7:27.1.1] AndroidManifest.xml:20:5-44
MERGED from [com.android.support:appcompat-v7:27.1.1] AndroidManifest.xml:20:5-44
MERGED from [com.android.support.constraint:constraint-layout:1.1.2] AndroidManifest.xml:5:5-7:41
MERGED from [com.android.support.constraint:constraint-layout:1.1.2] AndroidManifest.xml:5:5-7:41
MERGED from [com.google.android.gms:play-services-ads:11.6.2] AndroidManifest.xml:17:5-94
MERGED from [com.google.android.gms:play-services-ads:11.6.2] AndroidManifest.xml:17:5-94
MERGED from [com.google.android.gms:play-services-maps:11.6.2] AndroidManifest.xml:23:5-43
MERGED from [com.google.android.gms:play-services-maps:11.6.2] AndroidManifest.xml:23:5-43
MERGED from [com.android.support:recyclerview-v7:27.1.1] AndroidManifest.xml:20:5-44
MERGED from [com.android.support:recyclerview-v7:27.1.1] AndroidManifest.xml:20:5-44
MERGED from [com.android.support:cardview-v7:27.1.1] AndroidManifest.xml:20:5-44
MERGED from [com.android.support:cardview-v7:27.1.1] AndroidManifest.xml:20:5-44
MERGED from [com.google.android.gms:play-services-ads-lite:11.6.2] AndroidManifest.xml:22:5-43
MERGED from [com.google.android.gms:play-services-ads-lite:11.6.2] AndroidManifest.xml:22:5-43
MERGED from [com.google.android.gms:play-services-gass:11.6.2] AndroidManifest.xml:3:5-43
MERGED from [com.google.android.gms:play-services-gass:11.6.2] AndroidManifest.xml:3:5-43
MERGED from [com.google.android.gms:play-services-base:11.6.2] AndroidManifest.xml:17:5-43
MERGED from [com.google.android.gms:play-services-base:11.6.2] AndroidManifest.xml:17:5-43
MERGED from [com.google.android.gms:play-services-tasks:11.6.2] AndroidManifest.xml:3:5-43
MERGED from [com.google.android.gms:play-services-tasks:11.6.2] AndroidManifest.xml:3:5-43
MERGED from [com.google.android.gms:play-services-basement:11.6.2] AndroidManifest.xml:17:5-43
MERGED from [com.google.android.gms:play-services-basement:11.6.2] AndroidManifest.xml:17:5-43
MERGED from [com.android.support:support-v4:27.1.1] AndroidManifest.xml:20:5-44
MERGED from [com.android.support:support-v4:27.1.1] AndroidManifest.xml:20:5-44
MERGED from [com.android.support:support-fragment:27.1.1] AndroidManifest.xml:20:5-44
MERGED from [com.android.support:support-fragment:27.1.1] AndroidManifest.xml:20:5-44
MERGED from [com.android.support:animated-vector-drawable:27.1.1] AndroidManifest.xml:20:5-44
MERGED from [com.android.support:animated-vector-drawable:27.1.1] AndroidManifest.xml:20:5-44
MERGED from [com.android.support:support-core-ui:27.1.1] AndroidManifest.xml:20:5-44
MERGED from [com.android.support:support-core-ui:27.1.1] AndroidManifest.xml:20:5-44
MERGED from [com.android.support:support-core-utils:27.1.1] AndroidManifest.xml:20:5-44
MERGED from [com.android.support:support-core-utils:27.1.1] AndroidManifest.xml:20:5-44
MERGED from [com.android.support:support-vector-drawable:27.1.1] AndroidManifest.xml:20:5-44
MERGED from [com.android.support:support-vector-drawable:27.1.1] AndroidManifest.xml:20:5-44
MERGED from [com.android.support:transition:27.1.1] AndroidManifest.xml:20:5-44
MERGED from [com.android.support:transition:27.1.1] AndroidManifest.xml:20:5-44
MERGED from [com.android.support:support-media-compat:27.1.1] AndroidManifest.xml:20:5-44
MERGED from [com.android.support:support-media-compat:27.1.1] AndroidManifest.xml:20:5-44
MERGED from [com.android.support:support-compat:27.1.1] AndroidManifest.xml:20:5-44
MERGED from [com.android.support:support-compat:27.1.1] AndroidManifest.xml:20:5-44
MERGED from [com.google.android.gms:play-services-ads-license:11.6.2] AndroidManifest.xml:4:5-43
MERGED from [com.google.android.gms:play-services-ads-license:11.6.2] AndroidManifest.xml:4:5-43
MERGED from [com.google.android.gms:play-services-maps-license:11.6.2] AndroidManifest.xml:4:5-43
MERGED from [com.google.android.gms:play-services-maps-license:11.6.2] AndroidManifest.xml:4:5-43
MERGED from [android.arch.lifecycle:livedata-core:1.1.0] AndroidManifest.xml:20:5-44
MERGED from [android.arch.lifecycle:livedata-core:1.1.0] AndroidManifest.xml:20:5-44
MERGED from [android.arch.lifecycle:viewmodel:1.1.0] AndroidManifest.xml:20:5-44
MERGED from [android.arch.lifecycle:viewmodel:1.1.0] AndroidManifest.xml:20:5-44
MERGED from [com.google.android.gms:play-services-ads-lite-license:11.6.2] AndroidManifest.xml:4:5-43
MERGED from [com.google.android.gms:play-services-ads-lite-license:11.6.2] AndroidManifest.xml:4:5-43
MERGED from [com.google.android.gms:play-services-basement-license:11.6.2] AndroidManifest.xml:4:5-43
MERGED from [com.google.android.gms:play-services-basement-license:11.6.2] AndroidManifest.xml:4:5-43
MERGED from [com.google.android.gms:play-services-gass-license:11.6.2] AndroidManifest.xml:4:5-43
MERGED from [com.google.android.gms:play-services-gass-license:11.6.2] AndroidManifest.xml:4:5-43
MERGED from [com.google.android.gms:play-services-base-license:11.6.2] AndroidManifest.xml:4:5-43
MERGED from [com.google.android.gms:play-services-base-license:11.6.2] AndroidManifest.xml:4:5-43
MERGED from [android.arch.lifecycle:runtime:1.1.0] AndroidManifest.xml:20:5-44
MERGED from [android.arch.lifecycle:runtime:1.1.0] AndroidManifest.xml:20:5-44
MERGED from [android.arch.core:runtime:1.1.0] AndroidManifest.xml:20:5-44
MERGED from [android.arch.core:runtime:1.1.0] AndroidManifest.xml:20:5-44
MERGED from [com.google.android.gms:play-services-tasks-license:11.6.2] AndroidManifest.xml:4:5-43
MERGED from [com.google.android.gms:play-services-tasks-license:11.6.2] AndroidManifest.xml:4:5-43
INJECTED from src\main\AndroidManifest.xml
INJECTED from src\main\AndroidManifest.xml
	tools:overrideLibrary
		ADDED from [com.google.android.gms:play-services-ads:11.6.2] AndroidManifest.xml:17:42-92
	android:targetSdkVersion
		INJECTED from src\main\AndroidManifest.xml
		ADDED from src\main\AndroidManifest.xml
		INJECTED from src\main\AndroidManifest.xml
	android:minSdkVersion
		INJECTED from src\main\AndroidManifest.xml
		ADDED from src\main\AndroidManifest.xml
		INJECTED from src\main\AndroidManifest.xml
uses-permission#android.permission.ACCESS_NETWORK_STATE
ADDED from [com.google.android.gms:play-services-maps:11.6.2] AndroidManifest.xml:19:5-78
MERGED from [com.google.android.gms:play-services-ads-lite:11.6.2] AndroidManifest.xml:20:5-78
MERGED from [com.google.android.gms:play-services-ads-lite:11.6.2] AndroidManifest.xml:20:5-78
	android:name
		ADDED from [com.google.android.gms:play-services-maps:11.6.2] AndroidManifest.xml:19:22-76
uses-feature#0x00020000
ADDED from [com.google.android.gms:play-services-maps:11.6.2] AndroidManifest.xml:21:5-77
	android:glEsVersion
		ADDED from [com.google.android.gms:play-services-maps:11.6.2] AndroidManifest.xml:21:19-51
	android:required
		ADDED from [com.google.android.gms:play-services-maps:11.6.2] AndroidManifest.xml:21:52-75
activity#com.google.android.gms.ads.AdActivity
ADDED from [com.google.android.gms:play-services-ads-lite:11.6.2] AndroidManifest.xml:25:9-257
	android:exported
		ADDED from [com.google.android.gms:play-services-ads-lite:11.6.2] AndroidManifest.xml:25:231-255
	android:configChanges
		ADDED from [com.google.android.gms:play-services-ads-lite:11.6.2] AndroidManifest.xml:25:72-181
	android:theme
		ADDED from [com.google.android.gms:play-services-ads-lite:11.6.2] AndroidManifest.xml:25:182-230
	android:name
		ADDED from [com.google.android.gms:play-services-ads-lite:11.6.2] AndroidManifest.xml:25:19-71
activity#com.google.android.gms.common.api.GoogleApiActivity
ADDED from [com.google.android.gms:play-services-base:11.6.2] AndroidManifest.xml:19:9-172
	android:exported
		ADDED from [com.google.android.gms:play-services-base:11.6.2] AndroidManifest.xml:19:146-170
	android:theme
		ADDED from [com.google.android.gms:play-services-base:11.6.2] AndroidManifest.xml:19:86-145
	android:name
		ADDED from [com.google.android.gms:play-services-base:11.6.2] AndroidManifest.xml:19:19-85
meta-data#com.google.android.gms.version
ADDED from [com.google.android.gms:play-services-basement:11.6.2] AndroidManifest.xml:20:9-121
	android:value
		ADDED from [com.google.android.gms:play-services-basement:11.6.2] AndroidManifest.xml:20:66-119
	android:name
		ADDED from [com.google.android.gms:play-services-basement:11.6.2] AndroidManifest.xml:20:20-65